{"C:\\Users\\Maggie Tong\\Documents\\SP25\\sweng\\class-activities\\CS4530-module4-activity\\src\\TrafficLight.ts": {"path":"C:\\Users\\Maggie Tong\\Documents\\SP25\\sweng\\class-activities\\CS4530-module4-activity\\src\\TrafficLight.ts","statementMap":{"0":{"start":{"line":4,"column":2},"end":{"line":13,"column":null}},"1":{"start":{"line":6,"column":6},"end":{"line":6,"column":42}},"2":{"start":{"line":8,"column":6},"end":{"line":8,"column":43}},"3":{"start":{"line":10,"column":6},"end":{"line":10,"column":45}},"4":{"start":{"line":12,"column":6},"end":{"line":12,"column":53}},"5":{"start":{"line":3,"column":0},"end":{"line":3,"column":16}},"6":{"start":{"line":17,"column":17},"end":{"line":17,"column":22}},"7":{"start":{"line":19,"column":13},"end":{"line":19,"column":15}},"8":{"start":{"line":23,"column":4},"end":{"line":23,"column":62}},"9":{"start":{"line":24,"column":4},"end":{"line":40,"column":null}},"10":{"start":{"line":25,"column":6},"end":{"line":37,"column":null}},"11":{"start":{"line":27,"column":10},"end":{"line":27,"column":29}},"12":{"start":{"line":28,"column":10},"end":{"line":28,"column":16}},"13":{"start":{"line":30,"column":10},"end":{"line":30,"column":28}},"14":{"start":{"line":31,"column":10},"end":{"line":31,"column":16}},"15":{"start":{"line":33,"column":10},"end":{"line":33,"column":29}},"16":{"start":{"line":34,"column":10},"end":{"line":34,"column":16}},"17":{"start":{"line":36,"column":10},"end":{"line":36,"column":57}},"18":{"start":{"line":39,"column":6},"end":{"line":39,"column":25}},"19":{"start":{"line":44,"column":4},"end":{"line":44,"column":22}},"20":{"start":{"line":48,"column":4},"end":{"line":48,"column":22}},"21":{"start":{"line":16,"column":0},"end":{"line":16,"column":13}}},"fnMap":{"0":{"name":"colorAtNextSecond","decl":{"start":{"line":3,"column":16},"end":{"line":3,"column":33}},"loc":{"start":{"line":3,"column":60},"end":{"line":14,"column":1}}},"1":{"name":"(anonymous_1)","decl":{"start":{"line":22,"column":9},"end":{"line":22,"column":13}},"loc":{"start":{"line":22,"column":13},"end":{"line":41,"column":3}}},"2":{"name":"(anonymous_2)","decl":{"start":{"line":43,"column":9},"end":{"line":43,"column":16}},"loc":{"start":{"line":43,"column":26},"end":{"line":45,"column":3}}},"3":{"name":"(anonymous_3)","decl":{"start":{"line":47,"column":9},"end":{"line":47,"column":17}},"loc":{"start":{"line":47,"column":17},"end":{"line":49,"column":3}}}},"branchMap":{"0":{"loc":{"start":{"line":4,"column":2},"end":{"line":13,"column":null}},"type":"switch","locations":[{"start":{"line":5,"column":4},"end":{"line":6,"column":42}},{"start":{"line":7,"column":4},"end":{"line":8,"column":43}},{"start":{"line":9,"column":4},"end":{"line":10,"column":45}},{"start":{"line":11,"column":4},"end":{"line":12,"column":53}}]},"1":{"loc":{"start":{"line":6,"column":13},"end":{"line":6,"column":41}},"type":"cond-expr","locations":[{"start":{"line":6,"column":26},"end":{"line":6,"column":33}},{"start":{"line":6,"column":36},"end":{"line":6,"column":41}}]},"2":{"loc":{"start":{"line":8,"column":13},"end":{"line":8,"column":42}},"type":"cond-expr","locations":[{"start":{"line":8,"column":26},"end":{"line":8,"column":31}},{"start":{"line":8,"column":34},"end":{"line":8,"column":42}}]},"3":{"loc":{"start":{"line":10,"column":13},"end":{"line":10,"column":44}},"type":"cond-expr","locations":[{"start":{"line":10,"column":26},"end":{"line":10,"column":34}},{"start":{"line":10,"column":37},"end":{"line":10,"column":44}}]},"4":{"loc":{"start":{"line":24,"column":4},"end":{"line":40,"column":null}},"type":"if","locations":[{"start":{"line":24,"column":4},"end":{"line":40,"column":null}},{"start":{"line":38,"column":11},"end":{"line":40,"column":null}}]},"5":{"loc":{"start":{"line":25,"column":6},"end":{"line":37,"column":null}},"type":"switch","locations":[{"start":{"line":26,"column":8},"end":{"line":28,"column":16}},{"start":{"line":29,"column":8},"end":{"line":31,"column":16}},{"start":{"line":32,"column":8},"end":{"line":34,"column":16}},{"start":{"line":35,"column":8},"end":{"line":36,"column":57}}]}},"s":{"0":6,"1":4,"2":1,"3":1,"4":0,"5":1,"6":6,"7":6,"8":6,"9":6,"10":4,"11":1,"12":1,"13":1,"14":1,"15":2,"16":2,"17":0,"18":2,"19":6,"20":4,"21":1},"f":{"0":6,"1":6,"2":6,"3":4},"b":{"0":[4,1,1,0],"1":[2,2],"2":[1,0],"3":[1,0],"4":[4,2],"5":[1,1,2,0]}}
}
